\BOOKMARK [0][-]{chapter*.1}{\376\377\000T\000\363\000m\000\040\000t\036\257\000t}{}% 1
\BOOKMARK [0][-]{chapter.1}{\376\377\000G\000i\036\333\000i\000\040\000t\000h\000i\036\307\000u}{}% 2
\BOOKMARK [1][-]{section.1.1}{\376\377\000M\036\345\000c\000\040\000t\000i\000\352\000u\000\040\000t\000h\000i\036\277\000t\000\040\000k\036\277}{chapter.1}% 3
\BOOKMARK [1][-]{section.1.2}{\376\377\001\020\000\363\000n\000g\000\040\000g\000\363\000p\000\040\000c\000h\000\355\000n\000h}{chapter.1}% 4
\BOOKMARK [1][-]{section.1.3}{\376\377\000C\036\245\000u\000\040\000t\000r\000\372\000c\000\040\000b\000\341\000o\000\040\000c\000\341\000o}{chapter.1}% 5
\BOOKMARK [0][-]{chapter.2}{\376\377\000K\000i\036\277\000n\000\040\000t\000r\000\372\000c\000\040\000h\036\307\000\040\000t\000h\036\321\000n\000g}{}% 6
\BOOKMARK [1][-]{section.2.1}{\376\377\000T\000h\000i\036\277\000t\000\040\000k\036\277\000\040\000t\036\325\000n\000g\000\040\000t\000h\036\303}{chapter.2}% 7
\BOOKMARK [1][-]{section.2.2}{\376\377\000L\000u\036\323\000n\000g\000\040\000x\036\355\000\040\000l\000\375\000\040\000r\000e\000q\000u\000e\000s\000t}{chapter.2}% 8
\BOOKMARK [1][-]{section.2.3}{\376\377\000C\000\364\000n\000g\000\040\000n\000g\000h\036\307\000\040\000s\036\355\000\040\000d\036\345\000n\000g}{chapter.2}% 9
\BOOKMARK [0][-]{chapter.3}{\376\377\000L\000L\000M\000\040\000I\000n\000t\000e\000n\000t\000\040\000R\000o\000u\000t\000e\000r}{}% 10
\BOOKMARK [1][-]{section.3.1}{\376\377\000T\000h\000i\036\277\000t\000\040\000k\036\277}{chapter.3}% 11
\BOOKMARK [1][-]{section.3.2}{\376\377\000\301\000n\000h\000\040\000x\036\241\000\040\000I\000n\000t\000e\000n\000t}{chapter.3}% 12
\BOOKMARK [0][-]{chapter.4}{\376\377\000S\000y\000s\000t\000e\000m\000\040\0001\000:\000\040\000F\000a\000s\000t\000\040\000L\000a\000y\000e\000r}{}% 13
\BOOKMARK [1][-]{section.4.1}{\376\377\000P\000i\000p\000e\000l\000i\000n\000e}{chapter.4}% 14
\BOOKMARK [1][-]{section.4.2}{\376\377\000S\000e\000m\000a\000n\000t\000i\000c\000\040\000C\000a\000c\000h\000e}{chapter.4}% 15
\BOOKMARK [0][-]{chapter.5}{\376\377\000S\000y\000s\000t\000e\000m\000\040\0002\000:\000\040\000R\000e\000A\000c\000t\000\040\000A\000g\000e\000n\000t}{}% 16
\BOOKMARK [1][-]{section.5.1}{\376\377\000K\000i\036\277\000n\000\040\000t\000r\000\372\000c}{chapter.5}% 17
\BOOKMARK [1][-]{section.5.2}{\376\377\000S\000t\000a\000t\000e\000\040\000M\000a\000c\000h\000i\000n\000e}{chapter.5}% 18
\BOOKMARK [1][-]{section.5.3}{\376\377\000C\000o\000n\000t\000e\000x\000t\000\040\000I\000n\000j\000e\000c\000t\000i\000o\000n}{chapter.5}% 19
\BOOKMARK [1][-]{section.5.4}{\376\377\000V\000\362\000n\000g\000\040\000l\036\267\000p\000\040\000R\000e\000A\000c\000t}{chapter.5}% 20
\BOOKMARK [1][-]{section.5.5}{\376\377\000T\000i\000m\000e\000o\000u\000t\000\040\000P\000r\000o\000t\000e\000c\000t\000i\000o\000n}{chapter.5}% 21
\BOOKMARK [1][-]{section.5.6}{\376\377\000G\000u\000a\000r\000d\000r\000a\000i\000l\000s}{chapter.5}% 22
\BOOKMARK [1][-]{section.5.7}{\376\377\000M\000u\000l\000t\000i\000-\000T\000u\000r\000n\000\040\000C\000o\000n\000v\000e\000r\000s\000a\000t\000i\000o\000n}{chapter.5}% 23
\BOOKMARK [0][-]{chapter.6}{\376\377\000T\000o\000o\000l\000\040\000R\000e\000g\000i\000s\000t\000r\000y}{}% 24
\BOOKMARK [1][-]{section.6.1}{\376\377\000D\000y\000n\000a\000m\000i\000c\000\040\000L\000o\000a\000d\000i\000n\000g}{chapter.6}% 25
\BOOKMARK [1][-]{section.6.2}{\376\377\000D\000e\000c\000i\000s\000i\000o\000n\000\040\000T\000o\000o\000l\000k\000i\000t\000\040\000\050\0005\000\040\000t\000o\000o\000l\000s\000\051}{chapter.6}% 26
\BOOKMARK [1][-]{section.6.3}{\376\377\000K\000n\000o\000w\000l\000e\000d\000g\000e\000\040\000T\000o\000o\000l\000k\000i\000t\000\040\000\050\0007\000\040\000t\000o\000o\000l\000s\000\051}{chapter.6}% 27
\BOOKMARK [1][-]{section.6.4}{\376\377\000A\000u\000t\000o\000m\000a\000t\000i\000o\000n\000\040\000T\000o\000o\000l\000k\000i\000t\000\040\000\050\0006\000\040\000t\000o\000o\000l\000s\000\051}{chapter.6}% 28
\BOOKMARK [0][-]{chapter.7}{\376\377\000U\000s\000e\000r\000\040\000M\000o\000d\000e\000l\000i\000n\000g\000\040\000\046\000\040\000P\000e\000r\000s\000o\000n\000a\000l\000i\000s\000a\000t\000i\000o\000n}{}% 29
\BOOKMARK [1][-]{section.7.1}{\376\377\000K\000i\036\277\000n\000\040\000t\000r\000\372\000c}{chapter.7}% 30
\BOOKMARK [1][-]{section.7.2}{\376\377\000P\000e\000r\000s\000o\000n\000a\000\040\000O\000p\000t\000i\000m\000i\000z\000e\000r}{chapter.7}% 31
\BOOKMARK [1][-]{section.7.3}{\376\377\000C\000o\000r\000e\000\040\000M\000e\000m\000o\000r\000y\000\040\000U\000p\000d\000a\000t\000e\000s}{chapter.7}% 32
\BOOKMARK [1][-]{section.7.4}{\376\377\000A\000p\000p\000r\000o\000v\000a\000l\000\040\000S\000e\000r\000v\000i\000c\000e}{chapter.7}% 33
\BOOKMARK [0][-]{chapter.8}{\376\377\000P\000r\000o\000a\000c\000t\000i\000v\000e\000\040\000S\000y\000s\000t\000e\000m}{}% 34
\BOOKMARK [1][-]{section.8.1}{\376\377\000B\036\243\000y\000\040\000C\000r\000o\000n\000\040\000J\000o\000b\000s}{chapter.8}% 35
\BOOKMARK [1][-]{section.8.2}{\376\377\000E\000v\000e\000n\000t\000\040\000D\000i\000s\000p\000a\000t\000c\000h\000e\000r}{chapter.8}% 36
\BOOKMARK [1][-]{section.8.3}{\376\377\000A\000n\000t\000i\000-\000S\000p\000a\000m\000\040\000G\000u\000a\000r\000d}{chapter.8}% 37
\BOOKMARK [1][-]{section.8.4}{\376\377\000G\000o\000l\000d\000e\000n\000\040\000T\000i\000m\000e\000\040\000D\000e\000l\000i\000v\000e\000r\000y}{chapter.8}% 38
\BOOKMARK [0][-]{chapter.9}{\376\377\000D\000a\000t\000a\000b\000a\000s\000e\000\040\000S\000c\000h\000e\000m\000a}{}% 39
\BOOKMARK [1][-]{section.9.1}{\376\377\000E\000n\000t\000i\000t\000y\000\040\000R\000e\000l\000a\000t\000i\000o\000n\000s\000h\000i\000p\000\040\000D\000i\000a\000g\000r\000a\000m}{chapter.9}% 40
\BOOKMARK [1][-]{section.9.2}{\376\377\000D\000a\000n\000h\000\040\000s\000\341\000c\000h\000\040\000b\036\243\000n\000g}{chapter.9}% 41
\BOOKMARK [1][-]{section.9.3}{\376\377\000S\000Q\000L\000\040\000V\000i\000e\000w\000s\000\040\000\046\000\040\000I\000n\000d\000e\000x\000i\000n\000g}{chapter.9}% 42
\BOOKMARK [0][-]{chapter.10}{\376\377\000O\000b\000s\000e\000r\000v\000a\000b\000i\000l\000i\000t\000y\000\040\000\046\000\040\000A\000P\000I}{}% 43
\BOOKMARK [1][-]{section.10.1}{\376\377\000J\000S\000O\000N\000\040\000S\000t\000r\000u\000c\000t\000u\000r\000e\000d\000\040\000L\000o\000g\000g\000i\000n\000g}{chapter.10}% 44
\BOOKMARK [1][-]{section.10.2}{\376\377\000P\000r\000o\000m\000e\000t\000h\000e\000u\000s\000\040\000M\000e\000t\000r\000i\000c\000s}{chapter.10}% 45
\BOOKMARK [1][-]{section.10.3}{\376\377\000A\000P\000I\000\040\000E\000n\000d\000p\000o\000i\000n\000t\000s}{chapter.10}% 46
\BOOKMARK [1][-]{section.10.4}{\376\377\000B\036\243\000o\000\040\000m\036\255\000t}{chapter.10}% 47
\BOOKMARK [0][-]{chapter.11}{\376\377\000C\036\245\000u\000\040\000h\000\354\000n\000h\000\040\000\046\000\040\000T\000r\000i\036\303\000n\000\040\000k\000h\000a\000i}{}% 48
\BOOKMARK [1][-]{section.11.1}{\376\377\000H\036\307\000\040\000t\000h\036\321\000n\000g\000\040\000C\000o\000n\000f\000i\000g\000\040\000h\000a\000i\000\040\000t\036\247\000n\000g}{chapter.11}% 49
\BOOKMARK [1][-]{section.11.2}{\376\377\000Q\000u\000i\000c\000k\000\040\000S\000t\000a\000r\000t}{chapter.11}% 50
\BOOKMARK [0][-]{chapter.12}{\376\377\001\020\000\341\000n\000h\000\040\000g\000i\000\341}{}% 51
\BOOKMARK [1][-]{section.12.1}{\376\377\000K\036\313\000c\000h\000\040\000b\036\243\000n\000\040\001\021\000\341\000n\000h\000\040\000g\000i\000\341}{chapter.12}% 52
\BOOKMARK [1][-]{section.12.2}{\376\377\000K\036\277\000t\000\040\000q\000u\036\243}{chapter.12}% 53
\BOOKMARK [1][-]{section.12.3}{\376\377\000P\000h\000\342\000n\000\040\000t\000\355\000c\000h\000\040\001\021\036\331\000\040\000t\000r\036\305}{chapter.12}% 54
\BOOKMARK [0][-]{chapter.13}{\376\377\000T\036\325\000n\000g\000\040\000k\036\277\000t\000\040\000\046\000\040\000L\036\331\000\040\000t\000r\000\354\000n\000h}{}% 55
\BOOKMARK [1][-]{section.13.1}{\376\377\000T\036\325\000n\000g\000\040\000k\036\277\000t}{chapter.13}% 56
\BOOKMARK [2][-]{subsection.13.1.1}{\376\377\000C\000\341\000c\000\040\000l\000u\036\255\000n\000\040\001\021\000i\036\303\000m\000\040\000c\000h\000\355\000n\000h}{section.13.1}% 57
\BOOKMARK [2][-]{subsection.13.1.2}{\376\377\000H\000i\036\307\000n\000\040\000t\000r\036\241\000n\000g}{section.13.1}% 58
\BOOKMARK [1][-]{section.13.2}{\376\377\000L\036\331\000\040\000t\000r\000\354\000n\000h\000\040\000t\001\260\001\241\000n\000g\000\040\000l\000a\000i}{chapter.13}% 59
\BOOKMARK [1][-]{section.13.3}{\376\377\000K\000e\000y\000\040\000S\000o\000u\000r\000c\000e\000\040\000F\000i\000l\000e\000s}{chapter.13}% 60
